2026-05-22T13:02:06.116593Z  INFO lean_beacon: startup configuration effective_verbosity=info rust_log_present=true rust_log_non_empty=true data_dir=Some("/data") genesis_config=Some("/genesis/lean-rust-devnet0.yaml") genesis_state=Some("/genesis/genesis.ssz") validator_registry_path=Some("/genesis/validators.yaml") node_id=Some("leanrust_1") private_key_path=Some("/config/keys/node1.key") devnet_bootnodes=Some("/genesis/bootnodes.rust.yaml") devnet_listen_addresses=["/ip4/0.0.0.0/udp/9000/quic-v1"] http_address=Some(0.0.0.0) http_port=Some(5052) http_allow_origin=Some("*") metrics_enabled=true metrics_address=Some(0.0.0.0) metrics_port=Some(8080) log_dir_path=Some("/var/lean-logs") log_dir_prefix=Some("lean-rust")
2026-05-22T13:02:06.117535Z DEBUG lean_beacon::genesis: read genesis config YAML path=/genesis/lean-rust-devnet0.yaml bytes=244
2026-05-22T13:02:06.117936Z  INFO lean_beacon::genesis: loaded genesis config path=/genesis/lean-rust-devnet0.yaml slot_duration_ms=4000 seconds_per_slot=4 validator_registry_limit=4096 historical_roots_limit=262144
2026-05-22T13:02:06.118449Z DEBUG lean_beacon::genesis: read genesis state SSZ path=/genesis/genesis.ssz bytes=145
2026-05-22T13:02:06.118891Z DEBUG lean_beacon::genesis: genesis state native SSZ decode failed; trying Ream leanchain compatibility decode path=/genesis/genesis.ssz bytes=145 err=ssz decode failed: InvalidByteLength { len: 145, expected: 232 }
2026-05-22T13:02:06.118936Z  INFO lean_beacon::genesis: decoded genesis state SSZ path=/genesis/genesis.ssz validators=2 genesis_time=1779210230 slot=0
2026-05-22T13:02:06.118939Z DEBUG lean_beacon::genesis: genesis state limits accepted validators=2 validator_registry_limit=4096 historical_roots=0 historical_roots_limit=262144
2026-05-22T13:02:06.118941Z  INFO lean_beacon::genesis: loaded genesis state validators=2 genesis_time=1779210230 slot=0
2026-05-22T13:02:06.119015Z  INFO lean_beacon::genesis: derived genesis anchor block slot=0 proposer=0 state_root=0x95804c3735d2966a2faa6576902b4da9f00f64f3984cec4df1c63d5ccd2ba2fd block_root=0x7284dd0d5a228ebec5f77f3897d9b0d24c048bc43e99bf8ff245edf7d3145480
2026-05-22T13:02:06.120229Z  INFO engine::engine: engine constructed from anchor slot=0 validators=2 genesis_time=1779210230 anchor_root=0x7284dd0d5a228ebec5f77f3897d9b0d24c048bc43e99bf8ff245edf7d3145480 state_root=0x95804c3735d2966a2faa6576902b4da9f00f64f3984cec4df1c63d5ccd2ba2fd head_root=0x7284dd0d5a228ebec5f77f3897d9b0d24c048bc43e99bf8ff245edf7d3145480 safe_target_root=0x7284dd0d5a228ebec5f77f3897d9b0d24c048bc43e99bf8ff245edf7d3145480
2026-05-22T13:02:06.121722Z DEBUG runtime_p2p::host::keypair: loaded existing raw secp256k1 host identity path=/config/keys/node1.key peer_id=16Uiu2HAmRxWa6bVDZ12G7f5cuTPzunWjzwjZ91J2fu7bKLJ3wsnF
2026-05-22T13:02:06.123721Z DEBUG runtime_p2p::host::bootnodes: read bootnodes YAML path=/genesis/bootnodes.rust.yaml bytes=94 entries=1
2026-05-22T13:02:06.123825Z  INFO runtime_p2p::devnet: loaded bootnodes path=Some("/genesis/bootnodes.rust.yaml") count=1
2026-05-22T13:02:06.123843Z DEBUG runtime_p2p::devnet: loaded bootnode peer=16Uiu2HAmKoVFoiAnhYwroa5RxK97CZ8FTfqQoSUGN1ynTYEv7yDy addr=/ip4/172.20.0.10/udp/9000/quic-v1
2026-05-22T13:02:06.130715Z  INFO libp2p_swarm: local_peer_id=16Uiu2HAmRxWa6bVDZ12G7f5cuTPzunWjzwjZ91J2fu7bKLJ3wsnF
2026-05-22T13:02:06.130776Z  INFO runtime_p2p::devnet: constructed libp2p host peer_id=16Uiu2HAmRxWa6bVDZ12G7f5cuTPzunWjzwjZ91J2fu7bKLJ3wsnF identity_path=/config/keys/node1.key listen_addr=/ip4/0.0.0.0/udp/9000/quic-v1 agent_version=lean-beacon/0.1.0
2026-05-22T13:02:06.131891Z DEBUG start: runtime_core::lifecycle: ServiceStarted service="chain"
2026-05-22T13:02:06.132226Z  INFO start:p2p.start{[3mpeer_id[0m[2m=[0m16Uiu2HAmRxWa6bVDZ12G7f5cuTPzunWjzwjZ91J2fu7bKLJ3wsnF}: runtime_p2p::service: starting p2p listener configured_addr=/ip4/0.0.0.0/udp/9000/quic-v1 peer_id=16Uiu2HAmRxWa6bVDZ12G7f5cuTPzunWjzwjZ91J2fu7bKLJ3wsnF
2026-05-22T13:02:06.136828Z DEBUG start:p2p.start{[3mpeer_id[0m[2m=[0m16Uiu2HAmRxWa6bVDZ12G7f5cuTPzunWjzwjZ91J2fu7bKLJ3wsnF}: runtime_p2p::service: subscribed to gossipsub topic topic=/leanconsensus/devnet0/block/ssz_snappy
2026-05-22T13:02:06.136842Z DEBUG start:p2p.start{[3mpeer_id[0m[2m=[0m16Uiu2HAmRxWa6bVDZ12G7f5cuTPzunWjzwjZ91J2fu7bKLJ3wsnF}: runtime_p2p::service: subscribed to gossipsub topic topic=/leanconsensus/devnet0/vote/ssz_snappy
2026-05-22T13:02:06.136852Z  INFO start:p2p.start{[3mpeer_id[0m[2m=[0m16Uiu2HAmRxWa6bVDZ12G7f5cuTPzunWjzwjZ91J2fu7bKLJ3wsnF}: runtime_p2p::service: host listener up configured_addr=/ip4/0.0.0.0/udp/9000/quic-v1 bound_addr=/ip4/127.0.0.1/udp/9000/quic-v1
2026-05-22T13:02:06.136890Z  INFO start:p2p.start{[3mpeer_id[0m[2m=[0m16Uiu2HAmRxWa6bVDZ12G7f5cuTPzunWjzwjZ91J2fu7bKLJ3wsnF}: runtime_p2p::service: bootnode dial dispatched peer=16Uiu2HAmKoVFoiAnhYwroa5RxK97CZ8FTfqQoSUGN1ynTYEv7yDy addr=/ip4/172.20.0.10/udp/9000/quic-v1
2026-05-22T13:02:06.137116Z  INFO runtime_p2p::service: p2p swarm-poll task up local_peer=16Uiu2HAmRxWa6bVDZ12G7f5cuTPzunWjzwjZ91J2fu7bKLJ3wsnF
2026-05-22T13:02:06.137121Z DEBUG start: runtime_core::lifecycle: ServiceStarted service="p2p"
2026-05-22T13:02:06.137195Z DEBUG runtime_p2p::service: swarm event other=NewListenAddr { listener_id: ListenerId(1), address: /ip4/172.20.0.11/udp/9000/quic-v1 }
2026-05-22T13:02:06.137844Z DEBUG start: runtime_core::lifecycle: ServiceStarted service="sync"
2026-05-22T13:02:06.138514Z  INFO start:duties.start: runtime_duties::service: duties validators selected group="leanrust_1" validators=1 total=2
2026-05-22T13:02:06.138537Z DEBUG start: runtime_core::lifecycle: ServiceStarted service="duties"
2026-05-22T13:02:06.138622Z DEBUG duties.worker: runtime_duties::service: duties proposer slot not assigned slot=0
2026-05-22T13:02:06.138706Z  INFO start:http.start{[3mlisten_addr[0m[2m=[0m0.0.0.0:5052}:bind{[3maddr[0m[2m=[0m0.0.0.0:5052}: runtime_core::httpsvc::server: httpsvc bound local_addr=0.0.0.0:5052
2026-05-22T13:02:06.138743Z DEBUG start: runtime_core::lifecycle: ServiceStarted service="http"
2026-05-22T13:02:06.138770Z  INFO start:metrics.start{[3mlisten_addr[0m[2m=[0m0.0.0.0:8080}:bind{[3maddr[0m[2m=[0m0.0.0.0:8080}: runtime_core::httpsvc::server: httpsvc bound local_addr=0.0.0.0:8080
2026-05-22T13:02:06.138801Z DEBUG start: runtime_core::lifecycle: ServiceStarted service="metrics"
2026-05-22T13:02:06.138804Z  INFO start: runtime_core::lifecycle: ServicesStarted count=6
2026-05-22T13:02:06.138807Z  INFO lean_beacon: node started
2026-05-22T13:02:07.135722Z DEBUG engine::engine: engine tick advanced has_proposal=false head_root=0x7284dd0d5a228ebec5f77f3897d9b0d24c048bc43e99bf8ff245edf7d3145480 safe_target_root=0x7284dd0d5a228ebec5f77f3897d9b0d24c048bc43e99bf8ff245edf7d3145480
2026-05-22T13:02:08.139168Z DEBUG engine::engine: engine tick advanced has_proposal=false head_root=0x7284dd0d5a228ebec5f77f3897d9b0d24c048bc43e99bf8ff245edf7d3145480 safe_target_root=0x7284dd0d5a228ebec5f77f3897d9b0d24c048bc43e99bf8ff245edf7d3145480
2026-05-22T13:02:08.139256Z DEBUG duties.worker:produce_attestation{[3mslot[0m[2m=[0m0 [3mvalidator[0m[2m=[0m1}: engine::engine: engine attestation vote produced slot=0 head_root=0x7284dd0d5a228ebec5f77f3897d9b0d24c048bc43e99bf8ff245edf7d3145480 target_slot=0 target_root=0x7284dd0d5a228ebec5f77f3897d9b0d24c048bc43e99bf8ff245edf7d3145480 source_slot=0 source_root=0x7284dd0d5a228ebec5f77f3897d9b0d24c048bc43e99bf8ff245edf7d3145480 safe_target_root=0x7284dd0d5a228ebec5f77f3897d9b0d24c048bc43e99bf8ff245edf7d3145480
2026-05-22T13:02:08.139289Z DEBUG duties.worker:produce_attestation{[3mslot[0m[2m=[0m0 [3mvalidator[0m[2m=[0m1}: runtime_chain::chain::service: chain own attestation reimported slot=0 validator=1 head_root=0x7284dd0d5a228ebec5f77f3897d9b0d24c048bc43e99bf8ff245edf7d3145480
2026-05-22T13:02:08.139932Z  WARN duties.worker: runtime_duties::service: duties attestation publish failed slot=0 validator=1 err=p2p publish attestation failed: gossipsub publish: InsufficientPeers
2026-05-22T13:02:08.993466Z DEBUG runtime_p2p::service: swarm event other=IncomingConnection { connection_id: ConnectionId(2), local_addr: /ip4/0.0.0.0/udp/9000/quic-v1, send_back_addr: /ip4/172.20.0.10/udp/9000/quic-v1 }
2026-05-22T13:02:08.998868Z  INFO runtime_p2p::service: connection established peer=16Uiu2HAmKoVFoiAnhYwroa5RxK97CZ8FTfqQoSUGN1ynTYEv7yDy
2026-05-22T13:02:08.998884Z DEBUG runtime_p2p::service: initiating status handshake peer=16Uiu2HAmKoVFoiAnhYwroa5RxK97CZ8FTfqQoSUGN1ynTYEv7yDy
2026-05-22T13:02:08.999492Z DEBUG runtime_p2p::service: behaviour event inner=DevnetBehaviourEvent: Sent { connection_id: ConnectionId(2), peer_id: PeerId("16Uiu2HAmKoVFoiAnhYwroa5RxK97CZ8FTfqQoSUGN1ynTYEv7yDy") }
2026-05-22T13:02:08.999861Z DEBUG runtime_p2p::service: behaviour event inner=DevnetBehaviourEvent: Subscribed { peer_id: PeerId("16Uiu2HAmKoVFoiAnhYwroa5RxK97CZ8FTfqQoSUGN1ynTYEv7yDy"), topic: TopicHash { hash: "/leanconsensus/devnet0/block/ssz_snappy" } }
2026-05-22T13:02:09.000074Z DEBUG runtime_p2p::service: behaviour event inner=DevnetBehaviourEvent: Subscribed { peer_id: PeerId("16Uiu2HAmKoVFoiAnhYwroa5RxK97CZ8FTfqQoSUGN1ynTYEv7yDy"), topic: TopicHash { hash: "/leanconsensus/devnet0/vote/ssz_snappy" } }
2026-05-22T13:02:09.000095Z DEBUG runtime_p2p::service: behaviour event inner=DevnetBehaviourEvent: Event { peer: PeerId("16Uiu2HAmKoVFoiAnhYwroa5RxK97CZ8FTfqQoSUGN1ynTYEv7yDy"), connection: ConnectionId(2), result: Err(Unsupported) }
2026-05-22T13:02:09.000113Z DEBUG runtime_p2p::service: behaviour event inner=DevnetBehaviourEvent: Received { connection_id: ConnectionId(2), peer_id: PeerId("16Uiu2HAmKoVFoiAnhYwroa5RxK97CZ8FTfqQoSUGN1ynTYEv7yDy"), info: Info { public_key: PublicKey { publickey: Secp256k1(PublicKey(compressed): 36a2f2371ed121b77b889a67627e4485da76dad5d94e7869b0249c2dc57994f0) }, protocol_version: "eth2/1.0.0", agent_version: "0.0.1", listen_addrs: [/ip4/172.20.0.10/udp/9000/quic-v1], protocols: ["/leanconsensus/req/status/1/ssz_snappy", "/leanconsensus/req/lean_blocks_by_root/1/ssz_snappy", "/meshsub/1.1.0", "/meshsub/1.0.0", "/meshsub/1.2.0", "/ipfs/id/push/1.0.0", "/ipfs/id/1.0.0"], observed_addr: /ip4/172.20.0.11/udp/9000/quic-v1 } }
2026-05-22T13:02:09.000125Z DEBUG runtime_p2p::service: swarm event other=NewExternalAddrOfPeer { peer_id: PeerId("16Uiu2HAmKoVFoiAnhYwroa5RxK97CZ8FTfqQoSUGN1ynTYEv7yDy"), address: /ip4/172.20.0.10/udp/9000/quic-v1 }
2026-05-22T13:02:09.000129Z DEBUG runtime_p2p::service: swarm event other=NewExternalAddrCandidate { address: /ip4/172.20.0.11/udp/9000/quic-v1 }
2026-05-22T13:02:09.139805Z DEBUG engine::engine: engine tick advanced has_proposal=false head_root=0x7284dd0d5a228ebec5f77f3897d9b0d24c048bc43e99bf8ff245edf7d3145480 safe_target_root=0x7284dd0d5a228ebec5f77f3897d9b0d24c048bc43e99bf8ff245edf7d3145480
2026-05-22T13:02:09.141344Z  INFO runtime_p2p::service: connection established peer=16Uiu2HAmKoVFoiAnhYwroa5RxK97CZ8FTfqQoSUGN1ynTYEv7yDy
2026-05-22T13:02:09.141359Z DEBUG runtime_p2p::service: initiating status handshake peer=16Uiu2HAmKoVFoiAnhYwroa5RxK97CZ8FTfqQoSUGN1ynTYEv7yDy
2026-05-22T13:02:09.142820Z DEBUG runtime_p2p::service: behaviour event inner=DevnetBehaviourEvent: Event { peer: PeerId("16Uiu2HAmKoVFoiAnhYwroa5RxK97CZ8FTfqQoSUGN1ynTYEv7yDy"), connection: ConnectionId(1), result: Err(Unsupported) }
2026-05-22T13:02:09.142845Z DEBUG runtime_p2p::service: behaviour event inner=DevnetBehaviourEvent: Received { connection_id: ConnectionId(1), peer_id: PeerId("16Uiu2HAmKoVFoiAnhYwroa5RxK97CZ8FTfqQoSUGN1ynTYEv7yDy"), info: Info { public_key: PublicKey { publickey: Secp256k1(PublicKey(compressed): 36a2f2371ed121b77b889a67627e4485da76dad5d94e7869b0249c2dc57994f0) }, protocol_version: "eth2/1.0.0", agent_version: "0.0.1", listen_addrs: [/ip4/172.20.0.10/udp/9000/quic-v1], protocols: ["/meshsub/1.1.0", "/leanconsensus/req/lean_blocks_by_root/1/ssz_snappy", "/ipfs/id/1.0.0", "/leanconsensus/req/status/1/ssz_snappy", "/meshsub/1.0.0", "/ipfs/id/push/1.0.0", "/meshsub/1.2.0"], observed_addr: /ip4/172.20.0.11/udp/9000/quic-v1 } }
2026-05-22T13:02:09.142861Z DEBUG runtime_p2p::service: swarm event other=NewExternalAddrCandidate { address: /ip4/172.20.0.11/udp/9000/quic-v1 }
2026-05-22T13:02:09.142873Z DEBUG runtime_p2p::service: behaviour event inner=DevnetBehaviourEvent: Sent { connection_id: ConnectionId(1), peer_id: PeerId("16Uiu2HAmKoVFoiAnhYwroa5RxK97CZ8FTfqQoSUGN1ynTYEv7yDy") }
2026-05-22T13:02:10.140203Z DEBUG engine::engine: engine tick advanced has_proposal=false head_root=0x7284dd0d5a228ebec5f77f3897d9b0d24c048bc43e99bf8ff245edf7d3145480 safe_target_root=0x7284dd0d5a228ebec5f77f3897d9b0d24c048bc43e99bf8ff245edf7d3145480
2026-05-22T13:02:10.140851Z  INFO duties.worker:produce_block{[3mslot[0m[2m=[0m1 [3mvalidator[0m[2m=[0m1}: engine::engine: engine block produced slot=1 validator=1 parent_root=0x7284dd0d5a228ebec5f77f3897d9b0d24c048bc43e99bf8ff245edf7d3145480 block_root=0xacf669c63bbf88eb1aa00ac952e080ee37e490cb85975a07f8c71e9b7229faba post_state_root=0x3c6b8ae9f82392b585f33e827e055b2cfca4fc8c4d3335e62634dc8df6529527 attestations=1
2026-05-22T13:02:10.140879Z DEBUG duties.worker:produce_block{[3mslot[0m[2m=[0m1 [3mvalidator[0m[2m=[0m1}: runtime_chain::chain::service: chain produced block persisted slot=1 validator=1 block_root=0xacf669c63bbf88eb1aa00ac952e080ee37e490cb85975a07f8c71e9b7229faba head_root=0xacf669c63bbf88eb1aa00ac952e080ee37e490cb85975a07f8c71e9b7229faba
2026-05-22T13:02:10.141043Z  INFO duties.worker: runtime_duties::service: duties block proposed slot=1 validator=1
2026-05-22T13:02:11.142688Z DEBUG engine::engine: engine tick advanced has_proposal=false head_root=0xacf669c63bbf88eb1aa00ac952e080ee37e490cb85975a07f8c71e9b7229faba safe_target_root=0x7284dd0d5a228ebec5f77f3897d9b0d24c048bc43e99bf8ff245edf7d3145480
2026-05-22T13:02:12.140157Z DEBUG engine::engine: engine tick advanced has_proposal=false head_root=0xacf669c63bbf88eb1aa00ac952e080ee37e490cb85975a07f8c71e9b7229faba safe_target_root=0x7284dd0d5a228ebec5f77f3897d9b0d24c048bc43e99bf8ff245edf7d3145480
2026-05-22T13:02:12.140207Z DEBUG duties.worker:produce_attestation{[3mslot[0m[2m=[0m1 [3mvalidator[0m[2m=[0m1}: engine::engine: engine attestation vote produced slot=1 head_root=0xacf669c63bbf88eb1aa00ac952e080ee37e490cb85975a07f8c71e9b7229faba target_slot=0 target_root=0x7284dd0d5a228ebec5f77f3897d9b0d24c048bc43e99bf8ff245edf7d3145480 source_slot=0 source_root=0x7284dd0d5a228ebec5f77f3897d9b0d24c048bc43e99bf8ff245edf7d3145480 safe_target_root=0x7284dd0d5a228ebec5f77f3897d9b0d24c048bc43e99bf8ff245edf7d3145480
2026-05-22T13:02:12.140229Z DEBUG duties.worker:produce_attestation{[3mslot[0m[2m=[0m1 [3mvalidator[0m[2m=[0m1}: runtime_chain::chain::service: chain own attestation reimported slot=1 validator=1 head_root=0xacf669c63bbf88eb1aa00ac952e080ee37e490cb85975a07f8c71e9b7229faba
2026-05-22T13:02:12.140390Z DEBUG duties.worker: runtime_duties::service: duties attestation published slot=1 validator=1
2026-05-22T13:02:13.141162Z DEBUG engine::engine: engine tick advanced has_proposal=false head_root=0xacf669c63bbf88eb1aa00ac952e080ee37e490cb85975a07f8c71e9b7229faba safe_target_root=0x7284dd0d5a228ebec5f77f3897d9b0d24c048bc43e99bf8ff245edf7d3145480
2026-05-22T13:02:14.145142Z DEBUG engine::engine: engine tick advanced has_proposal=false head_root=0xacf669c63bbf88eb1aa00ac952e080ee37e490cb85975a07f8c71e9b7229faba safe_target_root=0x7284dd0d5a228ebec5f77f3897d9b0d24c048bc43e99bf8ff245edf7d3145480
2026-05-22T13:02:14.145152Z DEBUG duties.worker: runtime_duties::service: duties proposer slot not assigned slot=2
2026-05-22T13:02:15.148945Z DEBUG engine::engine: engine tick advanced has_proposal=false head_root=0xacf669c63bbf88eb1aa00ac952e080ee37e490cb85975a07f8c71e9b7229faba safe_target_root=0x7284dd0d5a228ebec5f77f3897d9b0d24c048bc43e99bf8ff245edf7d3145480
2026-05-22T13:02:16.142992Z DEBUG duties.worker:produce_attestation{[3mslot[0m[2m=[0m2 [3mvalidator[0m[2m=[0m1}: engine::engine: engine attestation vote produced slot=2 head_root=0xacf669c63bbf88eb1aa00ac952e080ee37e490cb85975a07f8c71e9b7229faba target_slot=0 target_root=0x7284dd0d5a228ebec5f77f3897d9b0d24c048bc43e99bf8ff245edf7d3145480 source_slot=0 source_root=0x7284dd0d5a228ebec5f77f3897d9b0d24c048bc43e99bf8ff245edf7d3145480 safe_target_root=0x7284dd0d5a228ebec5f77f3897d9b0d24c048bc43e99bf8ff245edf7d3145480
2026-05-22T13:02:16.143244Z DEBUG duties.worker:produce_attestation{[3mslot[0m[2m=[0m2 [3mvalidator[0m[2m=[0m1}: runtime_chain::chain::service: chain own attestation reimported slot=2 validator=1 head_root=0xacf669c63bbf88eb1aa00ac952e080ee37e490cb85975a07f8c71e9b7229faba
2026-05-22T13:02:16.145307Z DEBUG duties.worker: runtime_duties::service: duties attestation published slot=2 validator=1
2026-05-22T13:02:16.145831Z DEBUG engine::engine: engine tick advanced has_proposal=false head_root=0xacf669c63bbf88eb1aa00ac952e080ee37e490cb85975a07f8c71e9b7229faba safe_target_root=0x7284dd0d5a228ebec5f77f3897d9b0d24c048bc43e99bf8ff245edf7d3145480
2026-05-22T13:02:17.150408Z DEBUG engine::engine: engine tick advanced has_proposal=false head_root=0xacf669c63bbf88eb1aa00ac952e080ee37e490cb85975a07f8c71e9b7229faba safe_target_root=0x7284dd0d5a228ebec5f77f3897d9b0d24c048bc43e99bf8ff245edf7d3145480
2026-05-22T13:02:18.144194Z  INFO duties.worker:produce_block{[3mslot[0m[2m=[0m3 [3mvalidator[0m[2m=[0m1}: engine::engine: engine block produced slot=3 validator=1 parent_root=0xacf669c63bbf88eb1aa00ac952e080ee37e490cb85975a07f8c71e9b7229faba block_root=0x2703bf66e9b17e1f6e7fee9736a236e62d71e813383fcff2d192b29ff7ebf009 post_state_root=0xd94184b3e989d4d3ac9ef80de043f59a426a2ef61922f21d33eb2d4e2366cc42 attestations=1
2026-05-22T13:02:18.144403Z DEBUG duties.worker:produce_block{[3mslot[0m[2m=[0m3 [3mvalidator[0m[2m=[0m1}: runtime_chain::chain::service: chain produced block persisted slot=3 validator=1 block_root=0x2703bf66e9b17e1f6e7fee9736a236e62d71e813383fcff2d192b29ff7ebf009 head_root=0x2703bf66e9b17e1f6e7fee9736a236e62d71e813383fcff2d192b29ff7ebf009
2026-05-22T13:02:18.144905Z  INFO duties.worker: runtime_duties::service: duties block proposed slot=3 validator=1
2026-05-22T13:02:18.153619Z DEBUG engine::engine: engine tick advanced has_proposal=false head_root=0x2703bf66e9b17e1f6e7fee9736a236e62d71e813383fcff2d192b29ff7ebf009 safe_target_root=0x7284dd0d5a228ebec5f77f3897d9b0d24c048bc43e99bf8ff245edf7d3145480
2026-05-22T13:02:19.000904Z DEBUG runtime_p2p::service: status rpc outbound timeout; peer did not answer optional status request peer=16Uiu2HAmKoVFoiAnhYwroa5RxK97CZ8FTfqQoSUGN1ynTYEv7yDy error=Timeout while waiting for a response
2026-05-22T13:02:19.147471Z DEBUG runtime_p2p::service: status rpc outbound timeout; peer did not answer optional status request peer=16Uiu2HAmKoVFoiAnhYwroa5RxK97CZ8FTfqQoSUGN1ynTYEv7yDy error=Timeout while waiting for a response
2026-05-22T13:02:19.152020Z DEBUG engine::engine: engine tick advanced has_proposal=false head_root=0x2703bf66e9b17e1f6e7fee9736a236e62d71e813383fcff2d192b29ff7ebf009 safe_target_root=0x7284dd0d5a228ebec5f77f3897d9b0d24c048bc43e99bf8ff245edf7d3145480
2026-05-22T13:02:20.141211Z DEBUG duties.worker:produce_attestation{[3mslot[0m[2m=[0m3 [3mvalidator[0m[2m=[0m1}: engine::engine: engine attestation vote produced slot=3 head_root=0x2703bf66e9b17e1f6e7fee9736a236e62d71e813383fcff2d192b29ff7ebf009 target_slot=0 target_root=0x7284dd0d5a228ebec5f77f3897d9b0d24c048bc43e99bf8ff245edf7d3145480 source_slot=0 source_root=0x7284dd0d5a228ebec5f77f3897d9b0d24c048bc43e99bf8ff245edf7d3145480 safe_target_root=0x7284dd0d5a228ebec5f77f3897d9b0d24c048bc43e99bf8ff245edf7d3145480
2026-05-22T13:02:20.141323Z DEBUG duties.worker:produce_attestation{[3mslot[0m[2m=[0m3 [3mvalidator[0m[2m=[0m1}: runtime_chain::chain::service: chain own attestation reimported slot=3 validator=1 head_root=0x2703bf66e9b17e1f6e7fee9736a236e62d71e813383fcff2d192b29ff7ebf009
2026-05-22T13:02:20.141711Z DEBUG duties.worker: runtime_duties::service: duties attestation published slot=3 validator=1
2026-05-22T13:02:20.152788Z DEBUG engine::engine: engine tick advanced has_proposal=false head_root=0x2703bf66e9b17e1f6e7fee9736a236e62d71e813383fcff2d192b29ff7ebf009 safe_target_root=0x7284dd0d5a228ebec5f77f3897d9b0d24c048bc43e99bf8ff245edf7d3145480
2026-05-22T13:02:21.152975Z DEBUG engine::engine: engine tick advanced has_proposal=false head_root=0x2703bf66e9b17e1f6e7fee9736a236e62d71e813383fcff2d192b29ff7ebf009 safe_target_root=0x7284dd0d5a228ebec5f77f3897d9b0d24c048bc43e99bf8ff245edf7d3145480
2026-05-22T13:02:22.141020Z DEBUG duties.worker: runtime_duties::service: duties proposer slot not assigned slot=4
2026-05-22T13:02:22.153776Z DEBUG engine::engine: engine tick advanced has_proposal=false head_root=0x2703bf66e9b17e1f6e7fee9736a236e62d71e813383fcff2d192b29ff7ebf009 safe_target_root=0x7284dd0d5a228ebec5f77f3897d9b0d24c048bc43e99bf8ff245edf7d3145480
2026-05-22T13:02:23.155034Z DEBUG engine::engine: engine tick advanced has_proposal=false head_root=0x2703bf66e9b17e1f6e7fee9736a236e62d71e813383fcff2d192b29ff7ebf009 safe_target_root=0x7284dd0d5a228ebec5f77f3897d9b0d24c048bc43e99bf8ff245edf7d3145480
2026-05-22T13:02:24.143062Z DEBUG duties.worker:produce_attestation{[3mslot[0m[2m=[0m4 [3mvalidator[0m[2m=[0m1}: engine::engine: engine attestation vote produced slot=4 head_root=0x2703bf66e9b17e1f6e7fee9736a236e62d71e813383fcff2d192b29ff7ebf009 target_slot=0 target_root=0x7284dd0d5a228ebec5f77f3897d9b0d24c048bc43e99bf8ff245edf7d3145480 source_slot=0 source_root=0x7284dd0d5a228ebec5f77f3897d9b0d24c048bc43e99bf8ff245edf7d3145480 safe_target_root=0x7284dd0d5a228ebec5f77f3897d9b0d24c048bc43e99bf8ff245edf7d3145480
2026-05-22T13:02:24.143104Z DEBUG duties.worker:produce_attestation{[3mslot[0m[2m=[0m4 [3mvalidator[0m[2m=[0m1}: runtime_chain::chain::service: chain own attestation reimported slot=4 validator=1 head_root=0x2703bf66e9b17e1f6e7fee9736a236e62d71e813383fcff2d192b29ff7ebf009
2026-05-22T13:02:24.143376Z DEBUG duties.worker: runtime_duties::service: duties attestation published slot=4 validator=1
2026-05-22T13:02:24.153145Z DEBUG engine::engine: engine tick advanced has_proposal=false head_root=0x2703bf66e9b17e1f6e7fee9736a236e62d71e813383fcff2d192b29ff7ebf009 safe_target_root=0x7284dd0d5a228ebec5f77f3897d9b0d24c048bc43e99bf8ff245edf7d3145480
2026-05-22T13:02:25.154728Z DEBUG engine::engine: engine tick advanced has_proposal=false head_root=0x2703bf66e9b17e1f6e7fee9736a236e62d71e813383fcff2d192b29ff7ebf009 safe_target_root=0x7284dd0d5a228ebec5f77f3897d9b0d24c048bc43e99bf8ff245edf7d3145480
2026-05-22T13:02:26.143444Z  INFO duties.worker:produce_block{[3mslot[0m[2m=[0m5 [3mvalidator[0m[2m=[0m1}: engine::engine: engine block produced slot=5 validator=1 parent_root=0x2703bf66e9b17e1f6e7fee9736a236e62d71e813383fcff2d192b29ff7ebf009 block_root=0x09a2a65dc985007b88d9d62620dd1aff97c9ed814615392230042dd3c476f19a post_state_root=0x62d9356bc11ed27773c4d16b3d117e55b82c800ae49efd911e3b3a6a071ca448 attestations=1
2026-05-22T13:02:26.143577Z DEBUG duties.worker:produce_block{[3mslot[0m[2m=[0m5 [3mvalidator[0m[2m=[0m1}: runtime_chain::chain::service: chain produced block persisted slot=5 validator=1 block_root=0x09a2a65dc985007b88d9d62620dd1aff97c9ed814615392230042dd3c476f19a head_root=0x09a2a65dc985007b88d9d62620dd1aff97c9ed814615392230042dd3c476f19a
2026-05-22T13:02:26.144153Z  INFO duties.worker: runtime_duties::service: duties block proposed slot=5 validator=1
2026-05-22T13:02:26.152426Z DEBUG engine::engine: engine tick advanced has_proposal=false head_root=0x09a2a65dc985007b88d9d62620dd1aff97c9ed814615392230042dd3c476f19a safe_target_root=0x7284dd0d5a228ebec5f77f3897d9b0d24c048bc43e99bf8ff245edf7d3145480
2026-05-22T13:02:27.153765Z DEBUG engine::engine: engine tick advanced has_proposal=false head_root=0x09a2a65dc985007b88d9d62620dd1aff97c9ed814615392230042dd3c476f19a safe_target_root=0x7284dd0d5a228ebec5f77f3897d9b0d24c048bc43e99bf8ff245edf7d3145480
2026-05-22T13:02:28.141716Z DEBUG duties.worker:produce_attestation{[3mslot[0m[2m=[0m5 [3mvalidator[0m[2m=[0m1}: engine::engine: engine attestation vote produced slot=5 head_root=0x09a2a65dc985007b88d9d62620dd1aff97c9ed814615392230042dd3c476f19a target_slot=0 target_root=0x7284dd0d5a228ebec5f77f3897d9b0d24c048bc43e99bf8ff245edf7d3145480 source_slot=0 source_root=0x7284dd0d5a228ebec5f77f3897d9b0d24c048bc43e99bf8ff245edf7d3145480 safe_target_root=0x7284dd0d5a228ebec5f77f3897d9b0d24c048bc43e99bf8ff245edf7d3145480
2026-05-22T13:02:28.141810Z DEBUG duties.worker:produce_attestation{[3mslot[0m[2m=[0m5 [3mvalidator[0m[2m=[0m1}: runtime_chain::chain::service: chain own attestation reimported slot=5 validator=1 head_root=0x09a2a65dc985007b88d9d62620dd1aff97c9ed814615392230042dd3c476f19a
2026-05-22T13:02:28.142156Z DEBUG duties.worker: runtime_duties::service: duties attestation published slot=5 validator=1
2026-05-22T13:02:28.153523Z DEBUG engine::engine: engine tick advanced has_proposal=false head_root=0x09a2a65dc985007b88d9d62620dd1aff97c9ed814615392230042dd3c476f19a safe_target_root=0x7284dd0d5a228ebec5f77f3897d9b0d24c048bc43e99bf8ff245edf7d3145480
2026-05-22T13:02:29.152319Z DEBUG engine::engine: engine tick advanced has_proposal=false head_root=0x09a2a65dc985007b88d9d62620dd1aff97c9ed814615392230042dd3c476f19a safe_target_root=0x7284dd0d5a228ebec5f77f3897d9b0d24c048bc43e99bf8ff245edf7d3145480
2026-05-22T13:02:30.144528Z DEBUG duties.worker: runtime_duties::service: duties proposer slot not assigned slot=6
2026-05-22T13:02:30.152581Z DEBUG engine::engine: engine tick advanced has_proposal=false head_root=0x09a2a65dc985007b88d9d62620dd1aff97c9ed814615392230042dd3c476f19a safe_target_root=0x7284dd0d5a228ebec5f77f3897d9b0d24c048bc43e99bf8ff245edf7d3145480
2026-05-22T13:02:31.154929Z DEBUG engine::engine: engine tick advanced has_proposal=false head_root=0x09a2a65dc985007b88d9d62620dd1aff97c9ed814615392230042dd3c476f19a safe_target_root=0x7284dd0d5a228ebec5f77f3897d9b0d24c048bc43e99bf8ff245edf7d3145480
2026-05-22T13:02:32.140731Z DEBUG duties.worker:produce_attestation{[3mslot[0m[2m=[0m6 [3mvalidator[0m[2m=[0m1}: engine::engine: engine attestation vote produced slot=6 head_root=0x09a2a65dc985007b88d9d62620dd1aff97c9ed814615392230042dd3c476f19a target_slot=0 target_root=0x7284dd0d5a228ebec5f77f3897d9b0d24c048bc43e99bf8ff245edf7d3145480 source_slot=0 source_root=0x7284dd0d5a228ebec5f77f3897d9b0d24c048bc43e99bf8ff245edf7d3145480 safe_target_root=0x7284dd0d5a228ebec5f77f3897d9b0d24c048bc43e99bf8ff245edf7d3145480
2026-05-22T13:02:32.140790Z DEBUG duties.worker:produce_attestation{[3mslot[0m[2m=[0m6 [3mvalidator[0m[2m=[0m1}: runtime_chain::chain::service: chain own attestation reimported slot=6 validator=1 head_root=0x09a2a65dc985007b88d9d62620dd1aff97c9ed814615392230042dd3c476f19a
2026-05-22T13:02:32.141558Z DEBUG duties.worker: runtime_duties::service: duties attestation published slot=6 validator=1
2026-05-22T13:02:32.154453Z DEBUG engine::engine: engine tick advanced has_proposal=false head_root=0x09a2a65dc985007b88d9d62620dd1aff97c9ed814615392230042dd3c476f19a safe_target_root=0x7284dd0d5a228ebec5f77f3897d9b0d24c048bc43e99bf8ff245edf7d3145480
2026-05-22T13:02:33.151990Z DEBUG engine::engine: engine tick advanced has_proposal=false head_root=0x09a2a65dc985007b88d9d62620dd1aff97c9ed814615392230042dd3c476f19a safe_target_root=0x7284dd0d5a228ebec5f77f3897d9b0d24c048bc43e99bf8ff245edf7d3145480
2026-05-22T13:02:34.141376Z  INFO duties.worker:produce_block{[3mslot[0m[2m=[0m7 [3mvalidator[0m[2m=[0m1}: engine::engine: engine block produced slot=7 validator=1 parent_root=0x09a2a65dc985007b88d9d62620dd1aff97c9ed814615392230042dd3c476f19a block_root=0x0660ad652e90889bf29a685a48bea2ba8a000069419c47a0bbcb8ce184cd5524 post_state_root=0xe3abfc99458fe1ccae9c7474c460489e396cb6128ceb1ff049a35d2271fcd525 attestations=1
2026-05-22T13:02:34.141461Z DEBUG duties.worker:produce_block{[3mslot[0m[2m=[0m7 [3mvalidator[0m[2m=[0m1}: runtime_chain::chain::service: chain produced block persisted slot=7 validator=1 block_root=0x0660ad652e90889bf29a685a48bea2ba8a000069419c47a0bbcb8ce184cd5524 head_root=0x0660ad652e90889bf29a685a48bea2ba8a000069419c47a0bbcb8ce184cd5524
2026-05-22T13:02:34.144402Z  INFO duties.worker: runtime_duties::service: duties block proposed slot=7 validator=1
2026-05-22T13:02:34.152321Z DEBUG engine::engine: engine tick advanced has_proposal=false head_root=0x0660ad652e90889bf29a685a48bea2ba8a000069419c47a0bbcb8ce184cd5524 safe_target_root=0x7284dd0d5a228ebec5f77f3897d9b0d24c048bc43e99bf8ff245edf7d3145480
2026-05-22T13:02:35.155851Z DEBUG engine::engine: engine tick advanced has_proposal=false head_root=0x0660ad652e90889bf29a685a48bea2ba8a000069419c47a0bbcb8ce184cd5524 safe_target_root=0x7284dd0d5a228ebec5f77f3897d9b0d24c048bc43e99bf8ff245edf7d3145480
2026-05-22T13:02:36.142668Z DEBUG duties.worker:produce_attestation{[3mslot[0m[2m=[0m7 [3mvalidator[0m[2m=[0m1}: engine::engine: engine attestation vote produced slot=7 head_root=0x0660ad652e90889bf29a685a48bea2ba8a000069419c47a0bbcb8ce184cd5524 target_slot=1 target_root=0xacf669c63bbf88eb1aa00ac952e080ee37e490cb85975a07f8c71e9b7229faba source_slot=0 source_root=0x7284dd0d5a228ebec5f77f3897d9b0d24c048bc43e99bf8ff245edf7d3145480 safe_target_root=0x7284dd0d5a228ebec5f77f3897d9b0d24c048bc43e99bf8ff245edf7d3145480
2026-05-22T13:02:36.142690Z DEBUG duties.worker:produce_attestation{[3mslot[0m[2m=[0m7 [3mvalidator[0m[2m=[0m1}: runtime_chain::chain::service: chain own attestation reimported slot=7 validator=1 head_root=0x0660ad652e90889bf29a685a48bea2ba8a000069419c47a0bbcb8ce184cd5524
2026-05-22T13:02:36.142810Z DEBUG duties.worker: runtime_duties::service: duties attestation published slot=7 validator=1
2026-05-22T13:02:36.154185Z DEBUG engine::engine: engine tick advanced has_proposal=false head_root=0x0660ad652e90889bf29a685a48bea2ba8a000069419c47a0bbcb8ce184cd5524 safe_target_root=0x7284dd0d5a228ebec5f77f3897d9b0d24c048bc43e99bf8ff245edf7d3145480
2026-05-22T13:02:37.153467Z DEBUG engine::engine: engine tick advanced has_proposal=false head_root=0x0660ad652e90889bf29a685a48bea2ba8a000069419c47a0bbcb8ce184cd5524 safe_target_root=0x7284dd0d5a228ebec5f77f3897d9b0d24c048bc43e99bf8ff245edf7d3145480
2026-05-22T13:02:38.141993Z DEBUG duties.worker: runtime_duties::service: duties proposer slot not assigned slot=8
2026-05-22T13:02:38.153252Z DEBUG engine::engine: engine tick advanced has_proposal=false head_root=0x0660ad652e90889bf29a685a48bea2ba8a000069419c47a0bbcb8ce184cd5524 safe_target_root=0x7284dd0d5a228ebec5f77f3897d9b0d24c048bc43e99bf8ff245edf7d3145480
2026-05-22T13:02:39.155832Z DEBUG engine::engine: engine tick advanced has_proposal=false head_root=0x0660ad652e90889bf29a685a48bea2ba8a000069419c47a0bbcb8ce184cd5524 safe_target_root=0x7284dd0d5a228ebec5f77f3897d9b0d24c048bc43e99bf8ff245edf7d3145480
2026-05-22T13:02:40.144807Z DEBUG duties.worker:produce_attestation{[3mslot[0m[2m=[0m8 [3mvalidator[0m[2m=[0m1}: engine::engine: engine attestation vote produced slot=8 head_root=0x0660ad652e90889bf29a685a48bea2ba8a000069419c47a0bbcb8ce184cd5524 target_slot=1 target_root=0xacf669c63bbf88eb1aa00ac952e080ee37e490cb85975a07f8c71e9b7229faba source_slot=0 source_root=0x7284dd0d5a228ebec5f77f3897d9b0d24c048bc43e99bf8ff245edf7d3145480 safe_target_root=0x7284dd0d5a228ebec5f77f3897d9b0d24c048bc43e99bf8ff245edf7d3145480
2026-05-22T13:02:40.144938Z DEBUG duties.worker:produce_attestation{[3mslot[0m[2m=[0m8 [3mvalidator[0m[2m=[0m1}: runtime_chain::chain::service: chain own attestation reimported slot=8 validator=1 head_root=0x0660ad652e90889bf29a685a48bea2ba8a000069419c47a0bbcb8ce184cd5524
2026-05-22T13:02:40.146845Z DEBUG duties.worker: runtime_duties::service: duties attestation published slot=8 validator=1
2026-05-22T13:02:40.152770Z DEBUG engine::engine: engine tick advanced has_proposal=false head_root=0x0660ad652e90889bf29a685a48bea2ba8a000069419c47a0bbcb8ce184cd5524 safe_target_root=0x7284dd0d5a228ebec5f77f3897d9b0d24c048bc43e99bf8ff245edf7d3145480
2026-05-22T13:02:41.157543Z DEBUG engine::engine: engine tick advanced has_proposal=false head_root=0x0660ad652e90889bf29a685a48bea2ba8a000069419c47a0bbcb8ce184cd5524 safe_target_root=0x7284dd0d5a228ebec5f77f3897d9b0d24c048bc43e99bf8ff245edf7d3145480
2026-05-22T13:02:42.143943Z  INFO duties.worker:produce_block{[3mslot[0m[2m=[0m9 [3mvalidator[0m[2m=[0m1}: engine::engine: engine block produced slot=9 validator=1 parent_root=0x0660ad652e90889bf29a685a48bea2ba8a000069419c47a0bbcb8ce184cd5524 block_root=0xa9a7f3e2bd707039d17048880255fe3883579707872c544d0af73399b77fd1d2 post_state_root=0x1fa96e897c9df61c515da0f72f9fd1ed9b3f2bd36c2ce13e9a9eb824093223ad attestations=1
2026-05-22T13:02:42.144000Z DEBUG duties.worker:produce_block{[3mslot[0m[2m=[0m9 [3mvalidator[0m[2m=[0m1}: runtime_chain::chain::service: chain produced block persisted slot=9 validator=1 block_root=0xa9a7f3e2bd707039d17048880255fe3883579707872c544d0af73399b77fd1d2 head_root=0xa9a7f3e2bd707039d17048880255fe3883579707872c544d0af73399b77fd1d2
2026-05-22T13:02:42.144403Z  INFO duties.worker: runtime_duties::service: duties block proposed slot=9 validator=1
2026-05-22T13:02:42.161632Z DEBUG engine::engine: engine tick advanced has_proposal=false head_root=0xa9a7f3e2bd707039d17048880255fe3883579707872c544d0af73399b77fd1d2 safe_target_root=0x7284dd0d5a228ebec5f77f3897d9b0d24c048bc43e99bf8ff245edf7d3145480
2026-05-22T13:02:43.162100Z DEBUG engine::engine: engine tick advanced has_proposal=false head_root=0xa9a7f3e2bd707039d17048880255fe3883579707872c544d0af73399b77fd1d2 safe_target_root=0x7284dd0d5a228ebec5f77f3897d9b0d24c048bc43e99bf8ff245edf7d3145480
2026-05-22T13:02:44.142979Z DEBUG duties.worker:produce_attestation{[3mslot[0m[2m=[0m9 [3mvalidator[0m[2m=[0m1}: engine::engine: engine attestation vote produced slot=9 head_root=0xa9a7f3e2bd707039d17048880255fe3883579707872c544d0af73399b77fd1d2 target_slot=3 target_root=0x2703bf66e9b17e1f6e7fee9736a236e62d71e813383fcff2d192b29ff7ebf009 source_slot=0 source_root=0x7284dd0d5a228ebec5f77f3897d9b0d24c048bc43e99bf8ff245edf7d3145480 safe_target_root=0x7284dd0d5a228ebec5f77f3897d9b0d24c048bc43e99bf8ff245edf7d3145480
2026-05-22T13:02:44.143053Z DEBUG duties.worker:produce_attestation{[3mslot[0m[2m=[0m9 [3mvalidator[0m[2m=[0m1}: runtime_chain::chain::service: chain own attestation reimported slot=9 validator=1 head_root=0xa9a7f3e2bd707039d17048880255fe3883579707872c544d0af73399b77fd1d2
2026-05-22T13:02:44.143377Z DEBUG duties.worker: runtime_duties::service: duties attestation published slot=9 validator=1
2026-05-22T13:02:44.163720Z DEBUG engine::engine: engine tick advanced has_proposal=false head_root=0xa9a7f3e2bd707039d17048880255fe3883579707872c544d0af73399b77fd1d2 safe_target_root=0x7284dd0d5a228ebec5f77f3897d9b0d24c048bc43e99bf8ff245edf7d3145480
2026-05-22T13:02:45.167521Z DEBUG engine::engine: engine tick advanced has_proposal=false head_root=0xa9a7f3e2bd707039d17048880255fe3883579707872c544d0af73399b77fd1d2 safe_target_root=0x7284dd0d5a228ebec5f77f3897d9b0d24c048bc43e99bf8ff245edf7d3145480
2026-05-22T13:02:46.142017Z DEBUG duties.worker: runtime_duties::service: duties proposer slot not assigned slot=10
2026-05-22T13:02:46.170813Z DEBUG engine::engine: engine tick advanced has_proposal=false head_root=0xa9a7f3e2bd707039d17048880255fe3883579707872c544d0af73399b77fd1d2 safe_target_root=0x7284dd0d5a228ebec5f77f3897d9b0d24c048bc43e99bf8ff245edf7d3145480
2026-05-22T13:02:47.174175Z DEBUG engine::engine: engine tick advanced has_proposal=false head_root=0xa9a7f3e2bd707039d17048880255fe3883579707872c544d0af73399b77fd1d2 safe_target_root=0x7284dd0d5a228ebec5f77f3897d9b0d24c048bc43e99bf8ff245edf7d3145480
2026-05-22T13:02:48.145284Z DEBUG duties.worker:produce_attestation{[3mslot[0m[2m=[0m10 [3mvalidator[0m[2m=[0m1}: engine::engine: engine attestation vote produced slot=10 head_root=0xa9a7f3e2bd707039d17048880255fe3883579707872c544d0af73399b77fd1d2 target_slot=3 target_root=0x2703bf66e9b17e1f6e7fee9736a236e62d71e813383fcff2d192b29ff7ebf009 source_slot=0 source_root=0x7284dd0d5a228ebec5f77f3897d9b0d24c048bc43e99bf8ff245edf7d3145480 safe_target_root=0x7284dd0d5a228ebec5f77f3897d9b0d24c048bc43e99bf8ff245edf7d3145480
2026-05-22T13:02:48.145363Z DEBUG duties.worker:produce_attestation{[3mslot[0m[2m=[0m10 [3mvalidator[0m[2m=[0m1}: runtime_chain::chain::service: chain own attestation reimported slot=10 validator=1 head_root=0xa9a7f3e2bd707039d17048880255fe3883579707872c544d0af73399b77fd1d2
2026-05-22T13:02:48.145780Z DEBUG duties.worker: runtime_duties::service: duties attestation published slot=10 validator=1
2026-05-22T13:02:48.174001Z DEBUG engine::engine: engine tick advanced has_proposal=false head_root=0xa9a7f3e2bd707039d17048880255fe3883579707872c544d0af73399b77fd1d2 safe_target_root=0x7284dd0d5a228ebec5f77f3897d9b0d24c048bc43e99bf8ff245edf7d3145480
2026-05-22T13:02:49.176121Z DEBUG engine::engine: engine tick advanced has_proposal=false head_root=0xa9a7f3e2bd707039d17048880255fe3883579707872c544d0af73399b77fd1d2 safe_target_root=0x7284dd0d5a228ebec5f77f3897d9b0d24c048bc43e99bf8ff245edf7d3145480
2026-05-22T13:02:50.145049Z  INFO duties.worker:produce_block{[3mslot[0m[2m=[0m11 [3mvalidator[0m[2m=[0m1}: engine::engine: engine block produced slot=11 validator=1 parent_root=0xa9a7f3e2bd707039d17048880255fe3883579707872c544d0af73399b77fd1d2 block_root=0x30baf0d2d2f27cc08c24829168436cacc912b20abf7b4ad0d23f3b3b939843e3 post_state_root=0x544129b429e996270e9ea226ebcab9874406be1d1131057a1830a2d0299b6880 attestations=1
2026-05-22T13:02:50.145223Z DEBUG duties.worker:produce_block{[3mslot[0m[2m=[0m11 [3mvalidator[0m[2m=[0m1}: runtime_chain::chain::service: chain produced block persisted slot=11 validator=1 block_root=0x30baf0d2d2f27cc08c24829168436cacc912b20abf7b4ad0d23f3b3b939843e3 head_root=0x30baf0d2d2f27cc08c24829168436cacc912b20abf7b4ad0d23f3b3b939843e3
2026-05-22T13:02:50.146115Z  INFO duties.worker: runtime_duties::service: duties block proposed slot=11 validator=1
2026-05-22T13:02:50.179115Z DEBUG engine::engine: engine tick advanced has_proposal=false head_root=0x30baf0d2d2f27cc08c24829168436cacc912b20abf7b4ad0d23f3b3b939843e3 safe_target_root=0x7284dd0d5a228ebec5f77f3897d9b0d24c048bc43e99bf8ff245edf7d3145480
2026-05-22T13:02:51.178771Z DEBUG engine::engine: engine tick advanced has_proposal=false head_root=0x30baf0d2d2f27cc08c24829168436cacc912b20abf7b4ad0d23f3b3b939843e3 safe_target_root=0x7284dd0d5a228ebec5f77f3897d9b0d24c048bc43e99bf8ff245edf7d3145480
2026-05-22T13:02:52.144133Z DEBUG duties.worker:produce_attestation{[3mslot[0m[2m=[0m11 [3mvalidator[0m[2m=[0m1}: engine::engine: engine attestation vote produced slot=11 head_root=0x30baf0d2d2f27cc08c24829168436cacc912b20abf7b4ad0d23f3b3b939843e3 target_slot=5 target_root=0x09a2a65dc985007b88d9d62620dd1aff97c9ed814615392230042dd3c476f19a source_slot=0 source_root=0x7284dd0d5a228ebec5f77f3897d9b0d24c048bc43e99bf8ff245edf7d3145480 safe_target_root=0x7284dd0d5a228ebec5f77f3897d9b0d24c048bc43e99bf8ff245edf7d3145480
2026-05-22T13:02:52.144303Z DEBUG duties.worker:produce_attestation{[3mslot[0m[2m=[0m11 [3mvalidator[0m[2m=[0m1}: runtime_chain::chain::service: chain own attestation reimported slot=11 validator=1 head_root=0x30baf0d2d2f27cc08c24829168436cacc912b20abf7b4ad0d23f3b3b939843e3
2026-05-22T13:02:52.145108Z DEBUG duties.worker: runtime_duties::service: duties attestation published slot=11 validator=1
2026-05-22T13:02:52.178170Z DEBUG engine::engine: engine tick advanced has_proposal=false head_root=0x30baf0d2d2f27cc08c24829168436cacc912b20abf7b4ad0d23f3b3b939843e3 safe_target_root=0x7284dd0d5a228ebec5f77f3897d9b0d24c048bc43e99bf8ff245edf7d3145480
2026-05-22T13:02:53.182610Z DEBUG engine::engine: engine tick advanced has_proposal=false head_root=0x30baf0d2d2f27cc08c24829168436cacc912b20abf7b4ad0d23f3b3b939843e3 safe_target_root=0x7284dd0d5a228ebec5f77f3897d9b0d24c048bc43e99bf8ff245edf7d3145480
2026-05-22T13:02:54.140691Z DEBUG duties.worker: runtime_duties::service: duties proposer slot not assigned slot=12
2026-05-22T13:02:54.184774Z DEBUG engine::engine: engine tick advanced has_proposal=false head_root=0x30baf0d2d2f27cc08c24829168436cacc912b20abf7b4ad0d23f3b3b939843e3 safe_target_root=0x7284dd0d5a228ebec5f77f3897d9b0d24c048bc43e99bf8ff245edf7d3145480
2026-05-22T13:02:55.184714Z DEBUG engine::engine: engine tick advanced has_proposal=false head_root=0x30baf0d2d2f27cc08c24829168436cacc912b20abf7b4ad0d23f3b3b939843e3 safe_target_root=0x7284dd0d5a228ebec5f77f3897d9b0d24c048bc43e99bf8ff245edf7d3145480
2026-05-22T13:02:55.970425Z  INFO runtime_api::http::head: served head endpoint head_slot=11 head_root=0x30baf0d2d2f27cc08c24829168436cacc912b20abf7b4ad0d23f3b3b939843e3 finalized_slot=0 finalized_root=0x7284dd0d5a228ebec5f77f3897d9b0d24c048bc43e99bf8ff245edf7d3145480
2026-05-22T13:02:56.145423Z DEBUG duties.worker:produce_attestation{[3mslot[0m[2m=[0m12 [3mvalidator[0m[2m=[0m1}: engine::engine: engine attestation vote produced slot=12 head_root=0x30baf0d2d2f27cc08c24829168436cacc912b20abf7b4ad0d23f3b3b939843e3 target_slot=5 target_root=0x09a2a65dc985007b88d9d62620dd1aff97c9ed814615392230042dd3c476f19a source_slot=0 source_root=0x7284dd0d5a228ebec5f77f3897d9b0d24c048bc43e99bf8ff245edf7d3145480 safe_target_root=0x7284dd0d5a228ebec5f77f3897d9b0d24c048bc43e99bf8ff245edf7d3145480
2026-05-22T13:02:56.145446Z DEBUG duties.worker:produce_attestation{[3mslot[0m[2m=[0m12 [3mvalidator[0m[2m=[0m1}: runtime_chain::chain::service: chain own attestation reimported slot=12 validator=1 head_root=0x30baf0d2d2f27cc08c24829168436cacc912b20abf7b4ad0d23f3b3b939843e3
2026-05-22T13:02:56.145715Z DEBUG duties.worker: runtime_duties::service: duties attestation published slot=12 validator=1
2026-05-22T13:02:56.213392Z DEBUG engine::engine: engine tick advanced has_proposal=false head_root=0x30baf0d2d2f27cc08c24829168436cacc912b20abf7b4ad0d23f3b3b939843e3 safe_target_root=0x7284dd0d5a228ebec5f77f3897d9b0d24c048bc43e99bf8ff245edf7d3145480
2026-05-22T13:02:57.248329Z DEBUG engine::engine: engine tick advanced has_proposal=false head_root=0x30baf0d2d2f27cc08c24829168436cacc912b20abf7b4ad0d23f3b3b939843e3 safe_target_root=0x7284dd0d5a228ebec5f77f3897d9b0d24c048bc43e99bf8ff245edf7d3145480
2026-05-22T13:02:58.143082Z  INFO duties.worker:produce_block{[3mslot[0m[2m=[0m13 [3mvalidator[0m[2m=[0m1}: engine::engine: engine block produced slot=13 validator=1 parent_root=0x30baf0d2d2f27cc08c24829168436cacc912b20abf7b4ad0d23f3b3b939843e3 block_root=0xcc27167c915cadb73ba294fd7922f02ceab497624219988523d34b27c251a6ba post_state_root=0x000b089d4c3991e296ee81b9f80a4e8b054b3d8460f9832c82f224f63fbf7a75 attestations=1
2026-05-22T13:02:58.143529Z DEBUG duties.worker:produce_block{[3mslot[0m[2m=[0m13 [3mvalidator[0m[2m=[0m1}: runtime_chain::chain::service: chain produced block persisted slot=13 validator=1 block_root=0xcc27167c915cadb73ba294fd7922f02ceab497624219988523d34b27c251a6ba head_root=0xcc27167c915cadb73ba294fd7922f02ceab497624219988523d34b27c251a6ba
2026-05-22T13:02:58.145236Z  INFO duties.worker: runtime_duties::service: duties block proposed slot=13 validator=1
2026-05-22T13:02:58.249752Z DEBUG engine::engine: engine tick advanced has_proposal=false head_root=0xcc27167c915cadb73ba294fd7922f02ceab497624219988523d34b27c251a6ba safe_target_root=0x7284dd0d5a228ebec5f77f3897d9b0d24c048bc43e99bf8ff245edf7d3145480
2026-05-22T13:02:59.254352Z DEBUG engine::engine: engine tick advanced has_proposal=false head_root=0xcc27167c915cadb73ba294fd7922f02ceab497624219988523d34b27c251a6ba safe_target_root=0x7284dd0d5a228ebec5f77f3897d9b0d24c048bc43e99bf8ff245edf7d3145480
2026-05-22T13:03:00.146415Z DEBUG duties.worker:produce_attestation{[3mslot[0m[2m=[0m13 [3mvalidator[0m[2m=[0m1}: engine::engine: engine attestation vote produced slot=13 head_root=0xcc27167c915cadb73ba294fd7922f02ceab497624219988523d34b27c251a6ba target_slot=7 target_root=0x0660ad652e90889bf29a685a48bea2ba8a000069419c47a0bbcb8ce184cd5524 source_slot=0 source_root=0x7284dd0d5a228ebec5f77f3897d9b0d24c048bc43e99bf8ff245edf7d3145480 safe_target_root=0x7284dd0d5a228ebec5f77f3897d9b0d24c048bc43e99bf8ff245edf7d3145480
2026-05-22T13:03:00.147937Z DEBUG duties.worker:produce_attestation{[3mslot[0m[2m=[0m13 [3mvalidator[0m[2m=[0m1}: runtime_chain::chain::service: chain own attestation reimported slot=13 validator=1 head_root=0xcc27167c915cadb73ba294fd7922f02ceab497624219988523d34b27c251a6ba
2026-05-22T13:03:00.155912Z DEBUG duties.worker: runtime_duties::service: duties attestation published slot=13 validator=1
2026-05-22T13:03:00.256965Z DEBUG engine::engine: engine tick advanced has_proposal=false head_root=0xcc27167c915cadb73ba294fd7922f02ceab497624219988523d34b27c251a6ba safe_target_root=0x7284dd0d5a228ebec5f77f3897d9b0d24c048bc43e99bf8ff245edf7d3145480
2026-05-22T13:03:01.261676Z DEBUG engine::engine: engine tick advanced has_proposal=false head_root=0xcc27167c915cadb73ba294fd7922f02ceab497624219988523d34b27c251a6ba safe_target_root=0x7284dd0d5a228ebec5f77f3897d9b0d24c048bc43e99bf8ff245edf7d3145480
2026-05-22T13:03:02.141148Z DEBUG duties.worker: runtime_duties::service: duties proposer slot not assigned slot=14
2026-05-22T13:03:02.260754Z DEBUG engine::engine: engine tick advanced has_proposal=false head_root=0xcc27167c915cadb73ba294fd7922f02ceab497624219988523d34b27c251a6ba safe_target_root=0x7284dd0d5a228ebec5f77f3897d9b0d24c048bc43e99bf8ff245edf7d3145480
2026-05-22T13:03:03.259465Z DEBUG engine::engine: engine tick advanced has_proposal=false head_root=0xcc27167c915cadb73ba294fd7922f02ceab497624219988523d34b27c251a6ba safe_target_root=0x7284dd0d5a228ebec5f77f3897d9b0d24c048bc43e99bf8ff245edf7d3145480
2026-05-22T13:03:04.139260Z DEBUG duties.worker:produce_attestation{[3mslot[0m[2m=[0m14 [3mvalidator[0m[2m=[0m1}: engine::engine: engine attestation vote produced slot=14 head_root=0xcc27167c915cadb73ba294fd7922f02ceab497624219988523d34b27c251a6ba target_slot=7 target_root=0x0660ad652e90889bf29a685a48bea2ba8a000069419c47a0bbcb8ce184cd5524 source_slot=0 source_root=0x7284dd0d5a228ebec5f77f3897d9b0d24c048bc43e99bf8ff245edf7d3145480 safe_target_root=0x7284dd0d5a228ebec5f77f3897d9b0d24c048bc43e99bf8ff245edf7d3145480
2026-05-22T13:03:04.139313Z DEBUG duties.worker:produce_attestation{[3mslot[0m[2m=[0m14 [3mvalidator[0m[2m=[0m1}: runtime_chain::chain::service: chain own attestation reimported slot=14 validator=1 head_root=0xcc27167c915cadb73ba294fd7922f02ceab497624219988523d34b27c251a6ba
2026-05-22T13:03:04.140238Z DEBUG duties.worker: runtime_duties::service: duties attestation published slot=14 validator=1
2026-05-22T13:03:04.265144Z DEBUG engine::engine: engine tick advanced has_proposal=false head_root=0xcc27167c915cadb73ba294fd7922f02ceab497624219988523d34b27c251a6ba safe_target_root=0x7284dd0d5a228ebec5f77f3897d9b0d24c048bc43e99bf8ff245edf7d3145480
2026-05-22T13:03:05.270177Z DEBUG engine::engine: engine tick advanced has_proposal=false head_root=0xcc27167c915cadb73ba294fd7922f02ceab497624219988523d34b27c251a6ba safe_target_root=0x7284dd0d5a228ebec5f77f3897d9b0d24c048bc43e99bf8ff245edf7d3145480
2026-05-22T13:03:06.147144Z  INFO duties.worker:produce_block{[3mslot[0m[2m=[0m15 [3mvalidator[0m[2m=[0m1}: engine::engine: engine block produced slot=15 validator=1 parent_root=0xcc27167c915cadb73ba294fd7922f02ceab497624219988523d34b27c251a6ba block_root=0xd19e041cd42037f3547e0a5dd0b290de96476ef54c96fbe2ca184976b053f37d post_state_root=0x6229a5114628859461398a2089b5dbd58e4a21a49d31bcef107638cbd02e8a2f attestations=1
2026-05-22T13:03:06.147404Z DEBUG duties.worker:produce_block{[3mslot[0m[2m=[0m15 [3mvalidator[0m[2m=[0m1}: runtime_chain::chain::service: chain produced block persisted slot=15 validator=1 block_root=0xd19e041cd42037f3547e0a5dd0b290de96476ef54c96fbe2ca184976b053f37d head_root=0xd19e041cd42037f3547e0a5dd0b290de96476ef54c96fbe2ca184976b053f37d
2026-05-22T13:03:06.147995Z  INFO duties.worker: runtime_duties::service: duties block proposed slot=15 validator=1
2026-05-22T13:03:06.271948Z DEBUG engine::engine: engine tick advanced has_proposal=false head_root=0xd19e041cd42037f3547e0a5dd0b290de96476ef54c96fbe2ca184976b053f37d safe_target_root=0x7284dd0d5a228ebec5f77f3897d9b0d24c048bc43e99bf8ff245edf7d3145480
2026-05-22T13:03:07.280933Z DEBUG engine::engine: engine tick advanced has_proposal=false head_root=0xd19e041cd42037f3547e0a5dd0b290de96476ef54c96fbe2ca184976b053f37d safe_target_root=0x7284dd0d5a228ebec5f77f3897d9b0d24c048bc43e99bf8ff245edf7d3145480
2026-05-22T13:03:08.143429Z DEBUG duties.worker:produce_attestation{[3mslot[0m[2m=[0m15 [3mvalidator[0m[2m=[0m1}: engine::engine: engine attestation vote produced slot=15 head_root=0xd19e041cd42037f3547e0a5dd0b290de96476ef54c96fbe2ca184976b053f37d target_slot=9 target_root=0xa9a7f3e2bd707039d17048880255fe3883579707872c544d0af73399b77fd1d2 source_slot=0 source_root=0x7284dd0d5a228ebec5f77f3897d9b0d24c048bc43e99bf8ff245edf7d3145480 safe_target_root=0x7284dd0d5a228ebec5f77f3897d9b0d24c048bc43e99bf8ff245edf7d3145480
2026-05-22T13:03:08.143699Z DEBUG duties.worker:produce_attestation{[3mslot[0m[2m=[0m15 [3mvalidator[0m[2m=[0m1}: runtime_chain::chain::service: chain own attestation reimported slot=15 validator=1 head_root=0xd19e041cd42037f3547e0a5dd0b290de96476ef54c96fbe2ca184976b053f37d
2026-05-22T13:03:08.144149Z DEBUG duties.worker: runtime_duties::service: duties attestation published slot=15 validator=1
2026-05-22T13:03:08.283357Z DEBUG engine::engine: engine tick advanced has_proposal=false head_root=0xd19e041cd42037f3547e0a5dd0b290de96476ef54c96fbe2ca184976b053f37d safe_target_root=0x7284dd0d5a228ebec5f77f3897d9b0d24c048bc43e99bf8ff245edf7d3145480
2026-05-22T13:03:09.283173Z DEBUG engine::engine: engine tick advanced has_proposal=false head_root=0xd19e041cd42037f3547e0a5dd0b290de96476ef54c96fbe2ca184976b053f37d safe_target_root=0x7284dd0d5a228ebec5f77f3897d9b0d24c048bc43e99bf8ff245edf7d3145480
2026-05-22T13:03:10.141346Z DEBUG duties.worker: runtime_duties::service: duties proposer slot not assigned slot=16
2026-05-22T13:03:10.288070Z DEBUG engine::engine: engine tick advanced has_proposal=false head_root=0xd19e041cd42037f3547e0a5dd0b290de96476ef54c96fbe2ca184976b053f37d safe_target_root=0x7284dd0d5a228ebec5f77f3897d9b0d24c048bc43e99bf8ff245edf7d3145480
2026-05-22T13:03:11.291622Z DEBUG engine::engine: engine tick advanced has_proposal=false head_root=0xd19e041cd42037f3547e0a5dd0b290de96476ef54c96fbe2ca184976b053f37d safe_target_root=0x7284dd0d5a228ebec5f77f3897d9b0d24c048bc43e99bf8ff245edf7d3145480
2026-05-22T13:03:12.141880Z DEBUG duties.worker:produce_attestation{[3mslot[0m[2m=[0m16 [3mvalidator[0m[2m=[0m1}: engine::engine: engine attestation vote produced slot=16 head_root=0xd19e041cd42037f3547e0a5dd0b290de96476ef54c96fbe2ca184976b053f37d target_slot=9 target_root=0xa9a7f3e2bd707039d17048880255fe3883579707872c544d0af73399b77fd1d2 source_slot=0 source_root=0x7284dd0d5a228ebec5f77f3897d9b0d24c048bc43e99bf8ff245edf7d3145480 safe_target_root=0x7284dd0d5a228ebec5f77f3897d9b0d24c048bc43e99bf8ff245edf7d3145480
2026-05-22T13:03:12.141981Z DEBUG duties.worker:produce_attestation{[3mslot[0m[2m=[0m16 [3mvalidator[0m[2m=[0m1}: runtime_chain::chain::service: chain own attestation reimported slot=16 validator=1 head_root=0xd19e041cd42037f3547e0a5dd0b290de96476ef54c96fbe2ca184976b053f37d
2026-05-22T13:03:12.142549Z DEBUG duties.worker: runtime_duties::service: duties attestation published slot=16 validator=1
2026-05-22T13:03:12.290996Z DEBUG engine::engine: engine tick advanced has_proposal=false head_root=0xd19e041cd42037f3547e0a5dd0b290de96476ef54c96fbe2ca184976b053f37d safe_target_root=0x7284dd0d5a228ebec5f77f3897d9b0d24c048bc43e99bf8ff245edf7d3145480
2026-05-22T13:03:13.293698Z DEBUG engine::engine: engine tick advanced has_proposal=false head_root=0xd19e041cd42037f3547e0a5dd0b290de96476ef54c96fbe2ca184976b053f37d safe_target_root=0x7284dd0d5a228ebec5f77f3897d9b0d24c048bc43e99bf8ff245edf7d3145480
2026-05-22T13:03:14.147015Z  INFO duties.worker:produce_block{[3mslot[0m[2m=[0m17 [3mvalidator[0m[2m=[0m1}: engine::engine: engine block produced slot=17 validator=1 parent_root=0xd19e041cd42037f3547e0a5dd0b290de96476ef54c96fbe2ca184976b053f37d block_root=0x0cda584074173592b38cdd7a7772157823ed7234060fba1d847cecc9f2bf1a0e post_state_root=0xd57076d97410dd7ede1244fb608e536df12d5996cc3c42a0b3c6064ce5cc016d attestations=1
2026-05-22T13:03:14.147114Z DEBUG duties.worker:produce_block{[3mslot[0m[2m=[0m17 [3mvalidator[0m[2m=[0m1}: runtime_chain::chain::service: chain produced block persisted slot=17 validator=1 block_root=0x0cda584074173592b38cdd7a7772157823ed7234060fba1d847cecc9f2bf1a0e head_root=0x0cda584074173592b38cdd7a7772157823ed7234060fba1d847cecc9f2bf1a0e
2026-05-22T13:03:14.147587Z  INFO duties.worker: runtime_duties::service: duties block proposed slot=17 validator=1
2026-05-22T13:03:14.295775Z DEBUG engine::engine: engine tick advanced has_proposal=false head_root=0x0cda584074173592b38cdd7a7772157823ed7234060fba1d847cecc9f2bf1a0e safe_target_root=0x7284dd0d5a228ebec5f77f3897d9b0d24c048bc43e99bf8ff245edf7d3145480
2026-05-22T13:03:15.300107Z DEBUG engine::engine: engine tick advanced has_proposal=false head_root=0x0cda584074173592b38cdd7a7772157823ed7234060fba1d847cecc9f2bf1a0e safe_target_root=0x7284dd0d5a228ebec5f77f3897d9b0d24c048bc43e99bf8ff245edf7d3145480
2026-05-22T13:03:16.142664Z DEBUG duties.worker:produce_attestation{[3mslot[0m[2m=[0m17 [3mvalidator[0m[2m=[0m1}: engine::engine: engine attestation vote produced slot=17 head_root=0x0cda584074173592b38cdd7a7772157823ed7234060fba1d847cecc9f2bf1a0e target_slot=11 target_root=0x30baf0d2d2f27cc08c24829168436cacc912b20abf7b4ad0d23f3b3b939843e3 source_slot=0 source_root=0x7284dd0d5a228ebec5f77f3897d9b0d24c048bc43e99bf8ff245edf7d3145480 safe_target_root=0x7284dd0d5a228ebec5f77f3897d9b0d24c048bc43e99bf8ff245edf7d3145480
2026-05-22T13:03:16.142991Z DEBUG duties.worker:produce_attestation{[3mslot[0m[2m=[0m17 [3mvalidator[0m[2m=[0m1}: runtime_chain::chain::service: chain own attestation reimported slot=17 validator=1 head_root=0x0cda584074173592b38cdd7a7772157823ed7234060fba1d847cecc9f2bf1a0e
2026-05-22T13:03:16.143603Z DEBUG duties.worker: runtime_duties::service: duties attestation published slot=17 validator=1
2026-05-22T13:03:16.302265Z DEBUG engine::engine: engine tick advanced has_proposal=false head_root=0x0cda584074173592b38cdd7a7772157823ed7234060fba1d847cecc9f2bf1a0e safe_target_root=0x7284dd0d5a228ebec5f77f3897d9b0d24c048bc43e99bf8ff245edf7d3145480
2026-05-22T13:03:17.303604Z DEBUG engine::engine: engine tick advanced has_proposal=false head_root=0x0cda584074173592b38cdd7a7772157823ed7234060fba1d847cecc9f2bf1a0e safe_target_root=0x7284dd0d5a228ebec5f77f3897d9b0d24c048bc43e99bf8ff245edf7d3145480
2026-05-22T13:03:18.141980Z DEBUG duties.worker: runtime_duties::service: duties proposer slot not assigned slot=18
2026-05-22T13:03:18.306507Z DEBUG engine::engine: engine tick advanced has_proposal=false head_root=0x0cda584074173592b38cdd7a7772157823ed7234060fba1d847cecc9f2bf1a0e safe_target_root=0x7284dd0d5a228ebec5f77f3897d9b0d24c048bc43e99bf8ff245edf7d3145480
2026-05-22T13:03:19.309094Z DEBUG engine::engine: engine tick advanced has_proposal=false head_root=0x0cda584074173592b38cdd7a7772157823ed7234060fba1d847cecc9f2bf1a0e safe_target_root=0x7284dd0d5a228ebec5f77f3897d9b0d24c048bc43e99bf8ff245edf7d3145480
2026-05-22T13:03:20.145066Z DEBUG duties.worker:produce_attestation{[3mslot[0m[2m=[0m18 [3mvalidator[0m[2m=[0m1}: engine::engine: engine attestation vote produced slot=18 head_root=0x0cda584074173592b38cdd7a7772157823ed7234060fba1d847cecc9f2bf1a0e target_slot=11 target_root=0x30baf0d2d2f27cc08c24829168436cacc912b20abf7b4ad0d23f3b3b939843e3 source_slot=0 source_root=0x7284dd0d5a228ebec5f77f3897d9b0d24c048bc43e99bf8ff245edf7d3145480 safe_target_root=0x7284dd0d5a228ebec5f77f3897d9b0d24c048bc43e99bf8ff245edf7d3145480
2026-05-22T13:03:20.145169Z DEBUG duties.worker:produce_attestation{[3mslot[0m[2m=[0m18 [3mvalidator[0m[2m=[0m1}: runtime_chain::chain::service: chain own attestation reimported slot=18 validator=1 head_root=0x0cda584074173592b38cdd7a7772157823ed7234060fba1d847cecc9f2bf1a0e
2026-05-22T13:03:20.145454Z DEBUG duties.worker: runtime_duties::service: duties attestation published slot=18 validator=1
2026-05-22T13:03:20.308392Z DEBUG engine::engine: engine tick advanced has_proposal=false head_root=0x0cda584074173592b38cdd7a7772157823ed7234060fba1d847cecc9f2bf1a0e safe_target_root=0x7284dd0d5a228ebec5f77f3897d9b0d24c048bc43e99bf8ff245edf7d3145480
2026-05-22T13:03:21.311576Z DEBUG engine::engine: engine tick advanced has_proposal=false head_root=0x0cda584074173592b38cdd7a7772157823ed7234060fba1d847cecc9f2bf1a0e safe_target_root=0x7284dd0d5a228ebec5f77f3897d9b0d24c048bc43e99bf8ff245edf7d3145480
2026-05-22T13:03:21.615348Z  INFO lean_beacon: shutdown signal received
2026-05-22T13:03:21.616493Z  INFO serve{[3mlocal_addr[0m[2m=[0m0.0.0.0:8080}: runtime_core::httpsvc::server: httpsvc stopped local_addr=0.0.0.0:8080
2026-05-22T13:03:21.616615Z DEBUG stop: runtime_core::lifecycle: ServiceStopped service="metrics"
2026-05-22T13:03:21.616820Z  INFO serve{[3mlocal_addr[0m[2m=[0m0.0.0.0:5052}: runtime_core::httpsvc::server: httpsvc stopped local_addr=0.0.0.0:5052
2026-05-22T13:03:21.616990Z DEBUG stop: runtime_core::lifecycle: ServiceStopped service="http"
2026-05-22T13:03:21.617102Z DEBUG stop: runtime_core::lifecycle: ServiceStopped service="duties"
2026-05-22T13:03:21.617384Z DEBUG stop: runtime_core::lifecycle: ServiceStopped service="sync"
2026-05-22T13:03:21.617665Z DEBUG runtime_p2p::service: swarm task observed cancellation
2026-05-22T13:03:21.617667Z  INFO runtime_p2p::service: p2p swarm-poll task down
2026-05-22T13:03:21.618026Z DEBUG stop: runtime_core::lifecycle: ServiceStopped service="p2p"
2026-05-22T13:03:21.618126Z DEBUG stop: runtime_core::lifecycle: ServiceStopped service="chain"
